<?xml version="1.0" encoding="UTF-8"?>
<!-- Generated by org.testng.reporters.JUnitXMLReporter -->
<testsuite ignored="0" hostname="SARWAR" failures="1" tests="10" name="DemoOPenCart TestCases" time="32.127" errors="0" timestamp="2024-09-19T01:23:36 IST">
  <testcase classname="com.demacart.qa.testcases.RegisterTest" name="verifyRegisterAnAccountWithMandatoryFields" time="1.002"/>
  <testcase classname="com.demacart.qa.testcases.RegisterTest" name="verifyRegisterAnAccountWithAllFields" time="0.979"/>
  <testcase classname="com.demacart.qa.testcases.RegisterTest" name="verifyRegisterAnAccountWithExistingEmailAddress" time="0.788"/>
  <testcase classname="com.demacart.qa.testcases.RegisterTest" name="verifyRegisterAnAccountWithoutFillingAnyDetails" time="0.386"/>
  <testcase classname="com.demacart.qa.testcases.LoginTest" name="verifyLoginWithValidCredentials" time="0.706"/>
  <testcase classname="com.demacart.qa.testcases.LoginTest" name="verifyLoginWithValidCredentials" time="0.654"/>
  <testcase classname="com.demacart.qa.testcases.LoginTest" name="verifyLoginWithInvalidCredentials" time="0.579"/>
  <testcase classname="com.demacart.qa.testcases.SearchTest" name="verifySearchWithValidProduct" time="0.388"/>
  <testcase classname="com.demacart.qa.testcases.SearchTest" name="verifySearchWithInValidProduct" time="0.315">
    <failure type="java.lang.AssertionError" message="No product msg in search result is not displayed expected [abcd] but found [There is no product that matches the search criteria.]">
      <![CDATA[java.lang.AssertionError: No product msg in search result is not displayed expected [abcd] but found [There is no product that matches the search criteria.]
at com.demacart.qa.testcases.SearchTest.verifySearchWithInValidProduct(SearchTest.java:53)
at java.base/java.util.ArrayList.forEach(ArrayList.java:1596)
... Removed 34 stack frames]]>
    </failure>
  </testcase> <!-- verifySearchWithInValidProduct -->
  <testcase classname="com.demacart.qa.testcases.SearchTest" name="verifySearchWithoutAnyProduct" time="0.0">
    <skipped/>
  </testcase> <!-- verifySearchWithoutAnyProduct -->
</testsuite> <!-- DemoOPenCart TestCases -->
